<?xml version="1.0" encoding="UTF-8"?>
<!-- Generated by org.testng.reporters.JUnitReportReporter -->
<testsuite skipped="0" hostname="DESKTOP-HM5G61C" name="com.test.basic.Annotaitions" tests="2" failures="0" timestamp="17 Sep 2019 21:15:21 GMT" time="0.005" errors="0">
  <testcase name="run1" time="0.004" classname="com.test.basic.Annotaitions"/>
  <testcase name="run2" time="0.001" classname="com.test.basic.Annotaitions"/>
</testsuite> <!-- com.test.basic.Annotaitions -->
